<?xml version="1.0" encoding="UTF-8"?>
<!-- Generated by org.testng.reporters.JUnitReportReporter -->
<testsuite hostname="PC329535" name="automationFramework.Accommodation_search_apply_filters_for_search_results" tests="1" failures="0" timestamp="28 Dec 2017 12:36:16 GMT" time="39.877" errors="0">
  <testcase name="search" time="39.877" classname="automationFramework.Accommodation_search_apply_filters_for_search_results"/>
</testsuite> <!-- automationFramework.Accommodation_search_apply_filters_for_search_results -->
